TN:
SF:src/api/middleware/auth.middleware.ts
FN:25,(anonymous_8)
FN:25,(anonymous_9)
FN:60,(anonymous_10)
FNF:3
FNH:3
FNDA:7,(anonymous_8)
FNDA:7,(anonymous_9)
FNDA:6,(anonymous_10)
DA:2,3
DA:3,3
DA:4,3
DA:6,3
DA:25,7
DA:26,7
DA:28,7
DA:29,1
DA:32,6
DA:34,6
DA:35,6
DA:37,6
DA:42,6
DA:43,0
DA:46,6
DA:47,6
DA:49,0
DA:50,0
DA:52,0
DA:60,3
DA:61,6
DA:63,0
DA:66,6
DA:67,3
DA:70,3
LF:25
LH:20
BRDA:28,0,0,1
BRDA:28,1,0,7
BRDA:28,1,1,6
BRDA:42,2,0,0
BRDA:49,3,0,0
BRDA:61,4,0,0
BRDA:66,5,0,3
BRF:7
BRH:4
end_of_record
TN:
SF:src/api/middleware/validate.middleware.ts
FN:22,(anonymous_7)
FN:23,(anonymous_8)
FN:23,(anonymous_9)
FN:43,(anonymous_10)
FNF:4
FNH:4
FNDA:72,(anonymous_7)
FNDA:37,(anonymous_8)
FNDA:37,(anonymous_9)
FNDA:8,(anonymous_10)
DA:2,3
DA:3,3
DA:22,3
DA:23,72
DA:24,37
DA:26,37
DA:33,29
DA:39,29
DA:41,8
DA:43,8
DA:49,8
DA:53,0
LF:12
LH:11
BRDA:41,0,0,8
BRDA:41,0,1,0
BRF:2
BRH:1
end_of_record
TN:
SF:src/api/routes/auth.routes.ts
FNF:0
FNH:0
DA:1,3
DA:2,3
DA:3,3
DA:4,3
DA:12,3
DA:15,3
DA:22,3
DA:29,3
DA:35,3
DA:42,3
DA:49,3
DA:55,3
LF:12
LH:12
BRF:0
BRH:0
end_of_record
TN:
SF:src/api/routes/category.routes.ts
FNF:0
FNH:0
DA:1,3
DA:2,3
DA:3,3
DA:4,3
DA:5,3
DA:12,3
DA:18,3
DA:26,3
DA:36,3
DA:46,3
DA:56,3
DA:64,3
LF:12
LH:12
BRF:0
BRH:0
end_of_record
TN:
SF:src/api/routes/contact.routes.ts
FNF:0
FNH:0
DA:1,3
DA:2,3
DA:3,3
DA:4,3
DA:6,3
DA:9,3
DA:15,3
LF:7
LH:7
BRF:0
BRH:0
end_of_record
TN:
SF:src/api/routes/order.routes.ts
FNF:0
FNH:0
DA:1,3
DA:2,3
DA:3,3
DA:4,3
DA:5,3
DA:7,3
DA:10,3
DA:13,3
DA:20,3
DA:26,3
DA:32,3
LF:11
LH:11
BRF:0
BRH:0
end_of_record
TN:
SF:src/api/routes/product.routes.ts
FNF:0
FNH:0
DA:1,3
DA:2,3
DA:3,3
DA:4,3
DA:5,3
DA:12,3
DA:18,3
DA:25,3
DA:34,3
DA:43,3
DA:52,3
DA:60,3
LF:12
LH:12
BRF:0
BRH:0
end_of_record
TN:
SF:src/api/routes/user.routes.ts
FNF:0
FNH:0
DA:1,3
DA:2,3
DA:3,3
DA:4,3
DA:5,3
DA:13,3
DA:16,3
DA:21,3
DA:24,3
DA:27,3
DA:32,3
DA:35,3
DA:38,3
DA:41,3
DA:44,3
DA:46,3
LF:16
LH:16
BRF:0
BRH:0
end_of_record
TN:
SF:src/api/routes/webhook.routes.ts
FNF:0
FNH:0
DA:1,3
DA:2,3
DA:4,3
DA:8,3
DA:14,3
LF:5
LH:5
BRF:0
BRH:0
end_of_record
TN:
SF:src/controllers/auth.controller.ts
FN:19,(anonymous_7)
FN:41,(anonymous_9)
FN:57,(anonymous_11)
FN:73,(anonymous_13)
FN:90,(anonymous_15)
FN:108,(anonymous_17)
FNF:6
FNH:6
FNDA:5,(anonymous_7)
FNDA:5,(anonymous_9)
FNDA:3,(anonymous_11)
FNDA:3,(anonymous_13)
FNDA:2,(anonymous_15)
FNDA:3,(anonymous_17)
DA:3,3
DA:4,3
DA:12,3
DA:14,3
DA:20,5
DA:22,5
DA:23,4
DA:25,1
DA:26,0
DA:27,0
DA:31,1
DA:32,1
DA:34,0
DA:42,5
DA:44,5
DA:45,5
DA:46,2
DA:48,3
DA:50,2
DA:58,3
DA:59,3
DA:60,3
DA:61,1
DA:63,2
DA:64,2
DA:66,1
DA:74,3
DA:76,3
DA:77,3
DA:78,0
DA:80,3
DA:81,1
DA:83,2
DA:91,2
DA:93,2
DA:94,2
DA:95,0
DA:97,2
DA:98,2
DA:100,0
DA:101,0
DA:109,3
DA:111,3
DA:112,3
DA:113,3
DA:114,0
DA:116,3
DA:117,1
DA:119,2
LF:49
LH:41
BRDA:25,0,0,0
BRDA:26,1,0,0
BRDA:31,2,0,1
BRDA:45,3,0,2
BRDA:60,4,0,1
BRDA:77,5,0,0
BRDA:94,6,0,0
BRDA:113,7,0,0
BRDA:113,8,0,3
BRDA:113,8,1,3
BRF:10
BRH:5
end_of_record
TN:
SF:src/controllers/category.controller.ts
FN:10,(anonymous_7)
FN:29,(anonymous_9)
FN:53,(anonymous_11)
FN:66,(anonymous_13)
FN:81,(anonymous_15)
FNF:5
FNH:5
FNDA:1,(anonymous_7)
FNDA:3,(anonymous_9)
FNDA:1,(anonymous_11)
FNDA:1,(anonymous_13)
FNDA:1,(anonymous_15)
DA:2,3
DA:3,3
DA:5,3
DA:11,1
DA:13,1
DA:14,1
DA:16,0
DA:18,1
DA:19,1
DA:21,0
DA:30,3
DA:31,3
DA:32,3
DA:33,0
DA:35,3
DA:37,3
DA:38,2
DA:41,1
DA:43,0
DA:54,1
DA:55,1
DA:56,1
DA:58,0
DA:67,1
DA:68,1
DA:69,1
DA:70,1
DA:71,1
DA:73,0
DA:82,1
DA:83,1
DA:84,1
DA:85,1
DA:86,1
DA:88,0
LF:35
LH:28
BRDA:13,0,0,0
BRDA:13,0,1,1
BRDA:13,1,0,1
BRDA:13,1,1,1
BRDA:14,2,0,0
BRDA:31,3,0,0
BRDA:31,3,1,3
BRDA:31,4,0,3
BRDA:31,4,1,3
BRDA:31,5,0,0
BRDA:31,5,1,3
BRDA:31,6,0,3
BRDA:31,6,1,3
BRDA:32,7,0,0
BRDA:37,8,0,2
BRDA:55,9,0,0
BRDA:55,9,1,1
BRDA:55,10,0,1
BRDA:55,10,1,1
BRDA:68,11,0,0
BRDA:68,11,1,1
BRDA:68,12,0,1
BRDA:68,12,1,1
BRDA:68,13,0,0
BRDA:68,13,1,1
BRDA:68,14,0,1
BRDA:68,14,1,1
BRDA:69,15,0,0
BRDA:70,16,0,0
BRDA:70,16,1,1
BRDA:70,17,0,1
BRDA:70,17,1,1
BRDA:83,18,0,0
BRDA:83,18,1,1
BRDA:83,19,0,1
BRDA:83,19,1,1
BRDA:83,20,0,0
BRDA:83,20,1,1
BRDA:83,21,0,1
BRDA:83,21,1,1
BRDA:84,22,0,0
BRF:41
BRH:28
end_of_record
TN:
SF:src/controllers/contact.controller.ts
FN:11,(anonymous_7)
FNF:1
FNH:0
FNDA:0,(anonymous_7)
DA:2,3
DA:5,3
DA:12,0
DA:14,0
DA:16,0
DA:19,0
DA:23,0
LF:7
LH:2
BRF:0
BRH:0
end_of_record
TN:
SF:src/controllers/order.controller.ts
FN:12,(anonymous_7)
FN:42,(anonymous_9)
FN:58,(anonymous_11)
FNF:3
FNH:0
FNDA:0,(anonymous_7)
FNDA:0,(anonymous_9)
FNDA:0,(anonymous_11)
DA:2,3
DA:3,3
DA:5,3
DA:13,0
DA:14,0
DA:15,0
DA:17,0
DA:20,0
DA:22,0
DA:24,0
DA:28,0
DA:34,0
DA:43,0
DA:44,0
DA:45,0
DA:47,0
DA:48,0
DA:50,0
DA:59,0
DA:60,0
DA:61,0
DA:63,0
DA:64,0
DA:65,0
DA:67,0
LF:25
LH:3
BRDA:14,0,0,0
BRDA:22,1,0,0
BRDA:44,2,0,0
BRDA:60,3,0,0
BRF:4
BRH:0
end_of_record
TN:
SF:src/controllers/product.controller.ts
FN:11,(anonymous_7)
FN:26,(anonymous_9)
FN:56,(anonymous_11)
FN:70,(anonymous_13)
FN:85,(anonymous_15)
FNF:5
FNH:0
FNDA:0,(anonymous_7)
FNDA:0,(anonymous_9)
FNDA:0,(anonymous_11)
FNDA:0,(anonymous_13)
FNDA:0,(anonymous_15)
DA:2,3
DA:3,3
DA:6,3
DA:12,0
DA:14,0
DA:15,0
DA:16,0
DA:18,0
DA:27,0
DA:28,0
DA:29,0
DA:31,0
DA:33,0
DA:38,0
DA:41,0
DA:44,0
DA:45,0
DA:57,0
DA:59,0
DA:60,0
DA:62,0
DA:71,0
DA:72,0
DA:74,0
DA:75,0
DA:77,0
DA:86,0
DA:87,0
DA:89,0
DA:90,0
DA:92,0
LF:31
LH:3
BRDA:31,0,0,0
BRDA:44,1,0,0
BRF:2
BRH:0
end_of_record
TN:
SF:src/controllers/user.controller.ts
FN:11,(anonymous_7)
FN:29,(anonymous_9)
FN:46,(anonymous_11)
FN:65,(anonymous_13)
FN:81,(anonymous_15)
FN:98,(anonymous_17)
FN:115,(anonymous_19)
FN:133,(anonymous_21)
FNF:8
FNH:0
FNDA:0,(anonymous_7)
FNDA:0,(anonymous_9)
FNDA:0,(anonymous_11)
FNDA:0,(anonymous_13)
FNDA:0,(anonymous_15)
FNDA:0,(anonymous_17)
FNDA:0,(anonymous_19)
FNDA:0,(anonymous_21)
DA:2,3
DA:3,3
DA:5,3
DA:12,0
DA:14,0
DA:15,0
DA:18,0
DA:19,0
DA:21,0
DA:30,0
DA:31,0
DA:32,0
DA:35,0
DA:36,0
DA:38,0
DA:47,0
DA:48,0
DA:49,0
DA:51,0
DA:52,0
DA:53,0
DA:55,0
DA:66,0
DA:67,0
DA:68,0
DA:70,0
DA:71,0
DA:73,0
DA:82,0
DA:83,0
DA:84,0
DA:87,0
DA:88,0
DA:90,0
DA:99,0
DA:100,0
DA:101,0
DA:103,0
DA:104,0
DA:105,0
DA:107,0
DA:116,0
DA:117,0
DA:118,0
DA:120,0
DA:122,0
DA:123,0
DA:125,0
DA:134,0
DA:135,0
DA:136,0
DA:138,0
DA:139,0
DA:140,0
DA:142,0
LF:55
LH:3
BRDA:14,0,0,0
BRDA:31,1,0,0
BRDA:48,2,0,0
BRDA:67,3,0,0
BRDA:83,4,0,0
BRDA:100,5,0,0
BRDA:117,6,0,0
BRDA:135,7,0,0
BRF:8
BRH:0
end_of_record
TN:
SF:src/controllers/webhook.controller.ts
FN:10,(anonymous_7)
FN:30,(anonymous_9)
FNF:2
FNH:0
FNDA:0,(anonymous_7)
FNDA:0,(anonymous_9)
DA:2,3
DA:4,3
DA:11,0
DA:13,0
DA:14,0
DA:15,0
DA:16,0
DA:21,0
DA:22,0
DA:24,0
DA:25,0
DA:26,0
DA:30,0
DA:32,0
DA:38,0
LF:15
LH:2
BRDA:13,0,0,0
BRF:1
BRH:0
end_of_record
TN:
SF:src/errors/ApiError.ts
FN:5,(anonymous_0)
FNF:1
FNH:1
FNDA:22,(anonymous_0)
DA:1,3
DA:6,22
DA:7,22
DA:8,22
DA:9,22
DA:10,8
DA:12,14
LF:7
LH:7
BRDA:5,0,0,14
BRDA:5,1,0,14
BRDA:9,2,0,8
BRDA:9,2,1,14
BRF:4
BRH:4
end_of_record
TN:
SF:src/services/auth.service.ts
FN:36,(anonymous_9)
FN:42,(anonymous_10)
FN:53,(anonymous_11)
FN:53,(anonymous_12)
FN:88,(anonymous_13)
FN:88,(anonymous_14)
FN:108,(anonymous_15)
FN:108,(anonymous_16)
FN:137,(anonymous_17)
FN:137,(anonymous_18)
FN:148,(anonymous_19)
FN:148,(anonymous_20)
FN:187,(anonymous_21)
FN:187,(anonymous_22)
FN:203,(anonymous_23)
FN:203,(anonymous_24)
FN:213,(anonymous_25)
FN:213,(anonymous_26)
FN:255,(anonymous_27)
FN:255,(anonymous_28)
FNF:20
FNH:20
FNDA:4,(anonymous_9)
FNDA:3,(anonymous_10)
FNDA:5,(anonymous_11)
FNDA:5,(anonymous_12)
FNDA:3,(anonymous_13)
FNDA:3,(anonymous_14)
FNDA:3,(anonymous_15)
FNDA:3,(anonymous_16)
FNDA:2,(anonymous_17)
FNDA:2,(anonymous_18)
FNDA:5,(anonymous_19)
FNDA:5,(anonymous_20)
FNDA:3,(anonymous_21)
FNDA:3,(anonymous_22)
FNDA:2,(anonymous_23)
FNDA:2,(anonymous_24)
FNDA:2,(anonymous_25)
FNDA:2,(anonymous_26)
FNDA:3,(anonymous_27)
FNDA:3,(anonymous_28)
DA:1,3
DA:2,3
DA:3,3
DA:4,3
DA:5,3
DA:6,3
DA:7,3
DA:9,3
DA:10,3
DA:27,3
DA:31,3
DA:36,3
DA:37,4
DA:42,3
DA:43,3
DA:53,5
DA:54,5
DA:58,5
DA:59,1
DA:63,4
DA:65,4
DA:73,4
DA:74,4
DA:88,3
DA:89,3
DA:90,3
DA:91,3
DA:99,0
DA:108,3
DA:109,3
DA:111,3
DA:114,2
DA:123,2
DA:124,1
DA:127,1
DA:130,1
DA:137,3
DA:138,2
DA:139,2
DA:143,0
DA:148,5
DA:149,5
DA:153,5
DA:154,1
DA:157,4
DA:159,4
DA:160,1
DA:164,3
DA:165,3
DA:167,3
DA:168,3
DA:171,3
DA:173,3
DA:175,3
DA:187,3
DA:188,3
DA:189,3
DA:190,2
DA:194,1
DA:195,1
DA:197,1
DA:203,3
DA:205,2
DA:213,3
DA:214,2
DA:215,2
DA:218,1
DA:219,1
DA:223,1
DA:226,1
DA:232,1
DA:234,1
DA:235,1
DA:244,1
DA:247,0
DA:255,3
DA:257,3
DA:263,3
DA:270,3
DA:271,2
DA:275,1
DA:277,1
LF:82
LH:79
BRDA:58,0,0,1
BRDA:123,1,0,1
BRDA:153,2,0,1
BRDA:159,3,0,1
BRDA:189,4,0,2
BRDA:215,5,0,1
BRDA:270,6,0,2
BRF:7
BRH:7
end_of_record
TN:
SF:src/services/category.service.ts
FN:20,(anonymous_7)
FN:56,(anonymous_9)
FN:71,(anonymous_11)
FN:93,(anonymous_13)
FN:118,(anonymous_15)
FNF:5
FNH:5
FNDA:1,(anonymous_7)
FNDA:3,(anonymous_9)
FNDA:1,(anonymous_11)
FNDA:1,(anonymous_13)
FNDA:1,(anonymous_15)
DA:1,3
DA:2,3
DA:4,3
DA:15,3
DA:21,1
DA:22,1
DA:24,1
DA:30,1
DA:39,1
DA:41,1
DA:57,3
DA:72,1
DA:73,1
DA:77,0
DA:79,0
DA:80,0
DA:84,0
DA:94,1
DA:96,1
DA:97,1
DA:98,0
DA:101,1
DA:106,0
DA:107,0
DA:109,0
DA:110,0
DA:119,1
DA:121,1
DA:122,1
DA:123,0
DA:131,1
DA:135,0
DA:136,0
DA:137,0
DA:140,0
DA:141,0
LF:36
LH:21
BRDA:77,0,0,0
BRDA:79,1,0,0
BRDA:97,2,0,0
BRDA:106,3,0,0
BRDA:106,4,0,0
BRDA:106,4,1,0
BRDA:109,5,0,0
BRDA:122,6,0,0
BRDA:135,7,0,0
BRDA:136,8,0,0
BRDA:136,9,0,0
BRDA:136,9,1,0
BRDA:140,10,0,0
BRF:13
BRH:0
end_of_record
TN:
SF:src/services/contact.service.ts
FN:17,(anonymous_7)
FNF:1
FNH:0
FNDA:0,(anonymous_7)
DA:1,3
DA:2,3
DA:4,3
DA:12,3
DA:18,0
DA:19,0
DA:27,0
DA:31,0
DA:34,0
LF:9
LH:4
BRF:0
BRH:0
end_of_record
TN:
SF:src/services/email.service.ts
FN:14,(anonymous_7)
FN:33,(anonymous_9)
FNF:2
FNH:0
FNDA:0,(anonymous_7)
FNDA:0,(anonymous_9)
DA:13,3
DA:15,0
DA:16,0
DA:17,0
DA:18,0
DA:19,0
DA:20,0
DA:21,0
DA:22,0
DA:24,0
DA:27,0
DA:35,0
DA:37,0
DA:51,0
LF:14
LH:1
BRDA:20,0,0,0
BRF:1
BRH:0
end_of_record
TN:
SF:src/services/order.service.ts
FN:37,(anonymous_8)
FN:51,(anonymous_10)
FN:60,(anonymous_11)
FN:61,(anonymous_12)
FN:128,(anonymous_13)
FN:151,(anonymous_15)
FN:171,(anonymous_17)
FNF:7
FNH:0
FNDA:0,(anonymous_8)
FNDA:0,(anonymous_10)
FNDA:0,(anonymous_11)
FNDA:0,(anonymous_12)
FNDA:0,(anonymous_13)
FNDA:0,(anonymous_15)
FNDA:0,(anonymous_17)
DA:1,3
DA:2,3
DA:3,3
DA:4,3
DA:8,3
DA:9,3
DA:10,3
DA:15,0
DA:18,3
DA:31,3
DA:38,0
DA:39,0
DA:42,0
DA:45,0
DA:46,0
DA:47,0
DA:51,0
DA:52,0
DA:56,0
DA:57,0
DA:59,0
DA:60,0
DA:61,0
DA:62,0
DA:63,0
DA:68,0
DA:72,0
DA:73,0
DA:85,0
DA:86,0
DA:90,0
DA:91,0
DA:105,0
DA:111,0
DA:117,0
DA:121,0
DA:129,0
DA:131,0
DA:140,0
DA:143,0
DA:152,0
DA:172,0
DA:187,0
DA:188,0
DA:191,0
LF:45
LH:9
BRDA:9,0,0,3
BRDA:9,0,1,0
BRDA:38,1,0,0
BRDA:46,2,0,0
BRDA:46,3,0,0
BRDA:46,3,1,0
BRDA:56,4,0,0
BRDA:187,5,0,0
BRDA:187,6,0,0
BRDA:187,6,1,0
BRF:10
BRH:1
end_of_record
TN:
SF:src/services/product.service.ts
FN:7,ensureCategoryExists
FN:33,(anonymous_9)
FN:97,(anonymous_11)
FN:118,(anonymous_13)
FN:156,(anonymous_15)
FN:205,(anonymous_17)
FNF:6
FNH:0
FNDA:0,ensureCategoryExists
FNDA:0,(anonymous_9)
FNDA:0,(anonymous_11)
FNDA:0,(anonymous_13)
FNDA:0,(anonymous_15)
FNDA:0,(anonymous_17)
DA:1,3
DA:2,3
DA:4,3
DA:8,0
DA:9,0
DA:10,0
DA:28,3
DA:34,0
DA:35,0
DA:37,0
DA:39,0
DA:40,0
DA:42,0
DA:43,0
DA:44,0
DA:46,0
DA:48,0
DA:49,0
DA:50,0
DA:52,0
DA:54,0
DA:56,0
DA:61,0
DA:62,0
DA:64,0
DA:65,0
DA:68,0
DA:80,0
DA:82,0
DA:98,0
DA:122,0
DA:124,0
DA:126,0
DA:134,0
DA:136,0
DA:141,0
DA:142,0
DA:143,0
DA:146,0
DA:147,0
DA:157,0
DA:159,0
DA:160,0
DA:161,0
DA:165,0
DA:166,0
DA:170,0
DA:175,0
DA:176,0
DA:180,0
DA:181,0
DA:184,0
DA:187,0
DA:193,0
DA:194,0
DA:196,0
DA:197,0
DA:206,0
DA:208,0
DA:209,0
DA:210,0
DA:215,0
DA:219,0
DA:220,0
DA:221,0
DA:224,0
DA:225,0
LF:67
LH:4
BRDA:9,0,0,0
BRDA:39,1,0,0
BRDA:42,2,0,0
BRDA:43,3,0,0
BRDA:48,4,0,0
BRDA:49,5,0,0
BRDA:54,6,0,0
BRDA:61,7,0,0
BRDA:64,8,0,0
BRDA:141,9,0,0
BRDA:142,10,0,0
BRDA:146,11,0,0
BRDA:160,12,0,0
BRDA:165,13,0,0
BRDA:175,14,0,0
BRDA:180,15,0,0
BRDA:193,16,0,0
BRDA:193,17,0,0
BRDA:193,17,1,0
BRDA:196,18,0,0
BRDA:209,19,0,0
BRDA:219,20,0,0
BRDA:220,21,0,0
BRDA:220,22,0,0
BRDA:220,22,1,0
BRDA:224,23,0,0
BRF:26
BRH:0
end_of_record
TN:
SF:src/services/user.service.ts
FN:12,(anonymous_8)
FN:36,(anonymous_10)
FN:61,(anonymous_12)
FN:85,(anonymous_14)
FN:95,(anonymous_16)
FN:115,(anonymous_18)
FN:129,(anonymous_20)
FN:150,(anonymous_22)
FNF:8
FNH:0
FNDA:0,(anonymous_8)
FNDA:0,(anonymous_10)
FNDA:0,(anonymous_12)
FNDA:0,(anonymous_14)
FNDA:0,(anonymous_16)
FNDA:0,(anonymous_18)
FNDA:0,(anonymous_20)
FNDA:0,(anonymous_22)
DA:1,3
DA:2,3
DA:3,3
DA:5,3
DA:7,3
DA:13,0
DA:27,0
DA:28,0
DA:30,0
DA:37,0
DA:39,0
DA:40,0
DA:45,0
DA:51,0
DA:52,0
DA:54,0
DA:62,0
DA:63,0
DA:64,0
DA:67,0
DA:68,0
DA:69,0
DA:72,0
DA:73,0
DA:86,0
DA:97,0
DA:98,0
DA:104,0
DA:116,0
DA:120,0
DA:121,0
DA:123,0
DA:131,0
DA:134,0
DA:135,0
DA:141,0
DA:152,0
DA:159,0
LF:38
LH:5
BRDA:27,0,0,0
BRDA:40,1,0,0
BRDA:51,2,0,0
BRDA:51,3,0,0
BRDA:51,3,1,0
BRDA:63,4,0,0
BRDA:68,5,0,0
BRDA:97,6,0,0
BRDA:120,7,0,0
BRDA:120,8,0,0
BRDA:120,8,1,0
BRDA:134,9,0,0
BRF:12
BRH:0
end_of_record
TN:
SF:src/services/webhook.service.ts
FN:26,(anonymous_8)
FN:49,(anonymous_9)
FNF:2
FNH:0
FNDA:0,(anonymous_8)
FNDA:0,(anonymous_9)
DA:1,3
DA:2,3
DA:3,3
DA:4,3
DA:7,3
DA:8,3
DA:9,3
DA:14,0
DA:17,3
DA:27,0
DA:28,0
DA:29,0
DA:32,0
DA:33,0
DA:38,0
DA:40,0
DA:42,0
DA:50,0
DA:53,0
DA:54,0
DA:55,0
DA:57,0
DA:58,0
DA:59,0
DA:62,0
DA:64,0
DA:66,0
DA:68,0
DA:70,0
DA:72,0
DA:74,0
DA:76,0
DA:79,0
DA:81,0
DA:82,0
DA:83,0
DA:86,0
DA:89,0
LF:38
LH:8
BRDA:8,0,0,3
BRDA:8,0,1,0
BRDA:27,1,0,0
BRDA:27,2,0,0
BRDA:27,2,1,0
BRDA:53,3,0,0
BRDA:53,3,1,0
BRDA:55,4,0,0
BRDA:55,4,1,0
BRDA:55,5,0,0
BRDA:55,5,1,0
BRDA:57,6,0,0
BRDA:62,7,0,0
BRDA:62,7,1,0
BRDA:62,7,2,0
BRDA:62,7,3,0
BRDA:62,7,4,0
BRDA:70,8,0,0
BRDA:70,8,1,0
BRDA:70,9,0,0
BRDA:70,9,1,0
BRF:21
BRH:1
end_of_record
TN:
SF:src/validations/auth.validation.ts
FNF:0
FNH:0
DA:1,3
DA:4,3
DA:13,3
DA:21,3
DA:28,3
DA:35,3
LF:6
LH:6
BRF:0
BRH:0
end_of_record
TN:
SF:src/validations/category.validation.ts
FNF:0
FNH:0
DA:1,3
DA:3,3
DA:14,3
DA:26,3
DA:32,3
LF:5
LH:5
BRF:0
BRH:0
end_of_record
TN:
SF:src/validations/contact.validation.ts
FNF:0
FNH:0
DA:1,3
DA:3,3
LF:2
LH:2
BRF:0
BRH:0
end_of_record
TN:
SF:src/validations/order.validation.ts
FNF:0
FNH:0
DA:1,3
DA:4,3
DA:10,3
DA:21,3
LF:4
LH:4
BRF:0
BRH:0
end_of_record
TN:
SF:src/validations/product.validation.ts
FN:59,(anonymous_0)
FN:60,(anonymous_1)
FNF:2
FNH:0
FNDA:0,(anonymous_0)
FNDA:0,(anonymous_1)
DA:1,3
DA:5,3
DA:10,3
DA:25,3
DA:43,3
DA:49,3
DA:59,0
DA:60,0
LF:8
LH:6
BRF:0
BRH:0
end_of_record
TN:
SF:src/validations/user.validation.ts
FN:9,(anonymous_0)
FN:46,(anonymous_1)
FNF:2
FNH:0
FNDA:0,(anonymous_0)
FNDA:0,(anonymous_1)
DA:1,3
DA:4,3
DA:9,0
DA:15,3
DA:23,3
DA:37,3
DA:42,3
DA:46,0
DA:52,3
LF:9
LH:7
BRF:0
BRH:0
end_of_record
