TN:
SF:src/api/middleware/auth.middleware.ts
FN:25,(anonymous_8)
FN:25,(anonymous_9)
FN:60,(anonymous_10)
FNF:3
FNH:3
FNDA:47,(anonymous_8)
FNDA:47,(anonymous_9)
FNDA:16,(anonymous_10)
DA:2,7
DA:3,7
DA:4,7
DA:6,7
DA:25,47
DA:26,47
DA:28,47
DA:29,6
DA:32,41
DA:34,41
DA:35,41
DA:37,41
DA:42,41
DA:43,0
DA:46,41
DA:47,41
DA:49,0
DA:50,0
DA:52,0
DA:60,7
DA:61,16
DA:63,0
DA:66,16
DA:67,6
DA:70,10
LF:25
LH:20
BRDA:28,0,0,6
BRDA:28,1,0,47
BRDA:28,1,1,41
BRDA:42,2,0,0
BRDA:49,3,0,0
BRDA:61,4,0,0
BRDA:66,5,0,6
BRF:7
BRH:4
end_of_record
TN:
SF:src/api/middleware/validate.middleware.ts
FN:22,(anonymous_7)
FN:23,(anonymous_8)
FN:23,(anonymous_9)
FN:43,(anonymous_10)
FNF:4
FNH:4
FNDA:168,(anonymous_7)
FNDA:83,(anonymous_8)
FNDA:83,(anonymous_9)
FNDA:21,(anonymous_10)
DA:2,7
DA:3,7
DA:22,7
DA:23,168
DA:24,83
DA:26,83
DA:33,62
DA:39,62
DA:41,21
DA:43,21
DA:49,21
DA:53,0
LF:12
LH:11
BRDA:41,0,0,21
BRDA:41,0,1,0
BRF:2
BRH:1
end_of_record
TN:
SF:src/api/routes/auth.routes.ts
FNF:0
FNH:0
DA:1,7
DA:2,7
DA:3,7
DA:4,7
DA:12,7
DA:15,7
DA:22,7
DA:29,7
DA:35,7
DA:42,7
DA:49,7
DA:55,7
LF:12
LH:12
BRF:0
BRH:0
end_of_record
TN:
SF:src/api/routes/category.routes.ts
FNF:0
FNH:0
DA:1,7
DA:2,7
DA:3,7
DA:4,7
DA:5,7
DA:12,7
DA:18,7
DA:26,7
DA:36,7
DA:46,7
DA:56,7
DA:64,7
LF:12
LH:12
BRF:0
BRH:0
end_of_record
TN:
SF:src/api/routes/contact.routes.ts
FNF:0
FNH:0
DA:1,7
DA:2,7
DA:3,7
DA:4,7
DA:6,7
DA:9,7
DA:15,7
LF:7
LH:7
BRF:0
BRH:0
end_of_record
TN:
SF:src/api/routes/order.routes.ts
FNF:0
FNH:0
DA:1,7
DA:2,7
DA:3,7
DA:4,7
DA:5,7
DA:7,7
DA:10,7
DA:13,7
DA:20,7
DA:26,7
DA:32,7
LF:11
LH:11
BRF:0
BRH:0
end_of_record
TN:
SF:src/api/routes/product.routes.ts
FNF:0
FNH:0
DA:1,7
DA:2,7
DA:3,7
DA:4,7
DA:5,7
DA:12,7
DA:18,7
DA:25,7
DA:34,7
DA:43,7
DA:52,7
DA:60,7
LF:12
LH:12
BRF:0
BRH:0
end_of_record
TN:
SF:src/api/routes/user.routes.ts
FNF:0
FNH:0
DA:1,7
DA:2,7
DA:3,7
DA:4,7
DA:5,7
DA:13,7
DA:16,7
DA:21,7
DA:24,7
DA:27,7
DA:32,7
DA:35,7
DA:38,7
DA:41,7
DA:44,7
DA:46,7
LF:16
LH:16
BRF:0
BRH:0
end_of_record
TN:
SF:src/api/routes/webhook.routes.ts
FNF:0
FNH:0
DA:1,7
DA:2,7
DA:4,7
DA:8,7
DA:14,7
LF:5
LH:5
BRF:0
BRH:0
end_of_record
TN:
SF:src/controllers/auth.controller.ts
FN:19,(anonymous_7)
FN:43,(anonymous_9)
FN:61,(anonymous_11)
FN:77,(anonymous_13)
FN:92,(anonymous_15)
FN:108,(anonymous_17)
FNF:6
FNH:6
FNDA:5,(anonymous_7)
FNDA:7,(anonymous_9)
FNDA:3,(anonymous_11)
FNDA:3,(anonymous_13)
FNDA:2,(anonymous_15)
FNDA:3,(anonymous_17)
DA:3,7
DA:4,7
DA:12,7
DA:14,7
DA:20,5
DA:22,5
DA:23,5
DA:24,5
DA:25,4
DA:27,1
DA:28,0
DA:29,0
DA:33,1
DA:34,1
DA:36,0
DA:44,7
DA:46,7
DA:47,7
DA:48,7
DA:49,7
DA:50,3
DA:52,4
DA:54,3
DA:62,3
DA:63,3
DA:64,3
DA:65,1
DA:67,2
DA:68,2
DA:70,1
DA:78,3
DA:80,3
DA:81,3
DA:82,3
DA:83,1
DA:85,2
DA:93,2
DA:95,2
DA:96,2
DA:97,2
DA:98,2
DA:100,0
DA:101,0
DA:109,3
DA:111,3
DA:112,3
DA:113,3
DA:114,3
DA:115,1
DA:117,2
LF:50
LH:45
BRDA:22,0,0,0
BRDA:22,0,1,5
BRDA:22,1,0,5
BRDA:22,1,1,5
BRDA:23,2,0,0
BRDA:27,3,0,0
BRDA:28,4,0,0
BRDA:33,5,0,1
BRDA:46,6,0,0
BRDA:46,6,1,7
BRDA:46,7,0,7
BRDA:46,7,1,7
BRDA:47,8,0,0
BRDA:49,9,0,3
BRDA:64,10,0,1
BRDA:80,11,0,0
BRDA:80,11,1,3
BRDA:80,12,0,3
BRDA:80,12,1,3
BRDA:81,13,0,0
BRDA:95,14,0,0
BRDA:95,14,1,2
BRDA:95,15,0,2
BRDA:95,15,1,2
BRDA:96,16,0,0
BRDA:111,17,0,0
BRDA:111,17,1,3
BRDA:111,18,0,3
BRDA:111,18,1,3
BRDA:111,19,0,0
BRDA:111,19,1,3
BRDA:111,20,0,3
BRDA:111,20,1,3
BRDA:112,21,0,0
BRDA:112,21,1,3
BRDA:112,22,0,3
BRDA:112,22,1,3
BRDA:112,23,0,0
BRDA:112,23,1,3
BRDA:112,24,0,3
BRDA:112,24,1,3
BRDA:113,25,0,0
BRDA:113,26,0,3
BRDA:113,26,1,3
BRF:44
BRH:29
end_of_record
TN:
SF:src/controllers/category.controller.ts
FN:10,(anonymous_7)
FN:29,(anonymous_9)
FN:53,(anonymous_11)
FN:66,(anonymous_13)
FN:81,(anonymous_15)
FNF:5
FNH:5
FNDA:1,(anonymous_7)
FNDA:3,(anonymous_9)
FNDA:3,(anonymous_11)
FNDA:2,(anonymous_13)
FNDA:2,(anonymous_15)
DA:2,7
DA:3,7
DA:5,7
DA:11,1
DA:13,1
DA:14,1
DA:16,0
DA:18,1
DA:19,1
DA:21,0
DA:30,3
DA:31,3
DA:32,3
DA:33,0
DA:35,3
DA:37,3
DA:38,2
DA:41,1
DA:43,0
DA:54,3
DA:55,3
DA:56,2
DA:58,1
DA:67,2
DA:68,2
DA:69,2
DA:70,2
DA:71,1
DA:73,1
DA:82,2
DA:83,2
DA:84,2
DA:85,2
DA:86,1
DA:88,1
LF:35
LH:31
BRDA:13,0,0,0
BRDA:13,0,1,1
BRDA:13,1,0,1
BRDA:13,1,1,1
BRDA:14,2,0,0
BRDA:31,3,0,0
BRDA:31,3,1,3
BRDA:31,4,0,3
BRDA:31,4,1,3
BRDA:31,5,0,0
BRDA:31,5,1,3
BRDA:31,6,0,3
BRDA:31,6,1,3
BRDA:32,7,0,0
BRDA:37,8,0,2
BRDA:55,9,0,0
BRDA:55,9,1,3
BRDA:55,10,0,3
BRDA:55,10,1,3
BRDA:68,11,0,0
BRDA:68,11,1,2
BRDA:68,12,0,2
BRDA:68,12,1,2
BRDA:68,13,0,0
BRDA:68,13,1,2
BRDA:68,14,0,2
BRDA:68,14,1,2
BRDA:69,15,0,0
BRDA:70,16,0,0
BRDA:70,16,1,2
BRDA:70,17,0,2
BRDA:70,17,1,2
BRDA:83,18,0,0
BRDA:83,18,1,2
BRDA:83,19,0,2
BRDA:83,19,1,2
BRDA:83,20,0,0
BRDA:83,20,1,2
BRDA:83,21,0,2
BRDA:83,21,1,2
BRDA:84,22,0,0
BRF:41
BRH:28
end_of_record
TN:
SF:src/controllers/contact.controller.ts
FN:11,(anonymous_7)
FNF:1
FNH:1
FNDA:1,(anonymous_7)
DA:2,7
DA:3,7
DA:5,7
DA:12,1
DA:14,1
DA:15,1
DA:16,1
DA:17,1
DA:19,0
LF:9
LH:8
BRDA:14,0,0,0
BRDA:14,0,1,1
BRDA:14,1,0,1
BRDA:14,1,1,1
BRDA:15,2,0,0
BRF:5
BRH:3
end_of_record
TN:
SF:src/controllers/order.controller.ts
FN:12,(anonymous_7)
FN:45,(anonymous_9)
FN:61,(anonymous_11)
FNF:3
FNH:3
FNDA:2,(anonymous_7)
FNDA:1,(anonymous_9)
FNDA:3,(anonymous_11)
DA:2,7
DA:3,7
DA:5,7
DA:13,2
DA:14,2
DA:15,0
DA:17,2
DA:18,2
DA:19,0
DA:23,2
DA:25,1
DA:27,0
DA:31,1
DA:37,1
DA:46,1
DA:47,1
DA:48,0
DA:50,1
DA:51,1
DA:53,0
DA:62,3
DA:63,3
DA:64,3
DA:66,3
DA:67,3
DA:69,3
DA:71,1
DA:73,2
LF:28
LH:23
BRDA:14,0,0,0
BRDA:17,1,0,0
BRDA:17,1,1,2
BRDA:17,2,0,2
BRDA:17,2,1,2
BRDA:18,3,0,0
BRDA:25,4,0,0
BRDA:47,5,0,0
BRDA:63,6,0,0
BRDA:63,6,1,3
BRDA:63,7,0,3
BRDA:63,7,1,3
BRDA:64,8,0,0
BRDA:66,9,0,0
BRDA:66,9,1,3
BRDA:66,10,0,3
BRDA:66,10,1,3
BRDA:66,11,0,0
BRDA:66,11,1,3
BRDA:66,12,0,3
BRDA:66,12,1,3
BRDA:67,13,0,0
BRF:22
BRH:12
end_of_record
TN:
SF:src/controllers/product.controller.ts
FN:11,(anonymous_7)
FN:27,(anonymous_9)
FN:48,(anonymous_11)
FN:64,(anonymous_13)
FN:81,(anonymous_15)
FNF:5
FNH:5
FNDA:1,(anonymous_7)
FNDA:3,(anonymous_9)
FNDA:1,(anonymous_11)
FNDA:1,(anonymous_13)
FNDA:1,(anonymous_15)
DA:2,7
DA:3,7
DA:6,7
DA:12,1
DA:14,1
DA:15,1
DA:16,1
DA:17,1
DA:19,0
DA:28,3
DA:30,3
DA:31,3
DA:32,3
DA:33,3
DA:34,2
DA:36,1
DA:38,0
DA:49,1
DA:51,1
DA:52,1
DA:53,1
DA:54,1
DA:56,0
DA:65,1
DA:67,1
DA:68,1
DA:69,1
DA:70,1
DA:71,1
DA:73,0
DA:82,1
DA:84,1
DA:85,1
DA:86,1
DA:87,1
DA:89,0
LF:36
LH:31
BRDA:14,0,0,0
BRDA:14,0,1,1
BRDA:14,1,0,1
BRDA:14,1,1,1
BRDA:15,2,0,0
BRDA:30,3,0,0
BRDA:30,3,1,3
BRDA:30,4,0,3
BRDA:30,4,1,3
BRDA:30,5,0,0
BRDA:30,5,1,3
BRDA:30,6,0,3
BRDA:30,6,1,3
BRDA:31,7,0,0
BRDA:33,8,0,2
BRDA:51,9,0,0
BRDA:51,9,1,1
BRDA:51,10,0,1
BRDA:51,10,1,1
BRDA:52,11,0,0
BRDA:67,12,0,0
BRDA:67,12,1,1
BRDA:67,13,0,1
BRDA:67,13,1,1
BRDA:67,14,0,0
BRDA:67,14,1,1
BRDA:67,15,0,1
BRDA:67,15,1,1
BRDA:68,16,0,0
BRDA:68,16,1,1
BRDA:68,17,0,1
BRDA:68,17,1,1
BRDA:69,18,0,0
BRDA:69,19,0,1
BRDA:69,19,1,1
BRDA:84,20,0,0
BRDA:84,20,1,1
BRDA:84,21,0,1
BRDA:84,21,1,1
BRDA:84,22,0,0
BRDA:84,22,1,1
BRDA:84,23,0,1
BRDA:84,23,1,1
BRDA:85,24,0,0
BRF:44
BRH:30
end_of_record
TN:
SF:src/controllers/user.controller.ts
FN:11,(anonymous_7)
FN:29,(anonymous_9)
FN:46,(anonymous_11)
FN:65,(anonymous_13)
FN:81,(anonymous_15)
FN:98,(anonymous_17)
FN:115,(anonymous_19)
FN:133,(anonymous_21)
FNF:8
FNH:8
FNDA:1,(anonymous_7)
FNDA:2,(anonymous_9)
FNDA:2,(anonymous_11)
FNDA:1,(anonymous_13)
FNDA:1,(anonymous_15)
FNDA:3,(anonymous_17)
FNDA:1,(anonymous_19)
FNDA:1,(anonymous_21)
DA:2,7
DA:3,7
DA:5,7
DA:12,1
DA:14,1
DA:15,0
DA:18,1
DA:19,1
DA:21,0
DA:30,2
DA:31,2
DA:33,2
DA:34,2
DA:35,2
DA:36,2
DA:38,0
DA:47,2
DA:48,2
DA:50,2
DA:51,2
DA:52,2
DA:53,1
DA:55,1
DA:66,1
DA:67,1
DA:68,0
DA:70,1
DA:71,1
DA:73,0
DA:82,1
DA:83,1
DA:85,1
DA:86,1
DA:87,1
DA:88,1
DA:90,0
DA:99,3
DA:100,3
DA:102,3
DA:103,3
DA:104,3
DA:105,1
DA:107,2
DA:116,1
DA:117,1
DA:119,1
DA:120,1
DA:121,1
DA:122,1
DA:123,1
DA:125,0
DA:134,1
DA:135,1
DA:137,1
DA:138,1
DA:139,1
DA:140,1
DA:142,0
LF:58
LH:50
BRDA:14,0,0,0
BRDA:31,1,0,0
BRDA:33,2,0,0
BRDA:33,2,1,2
BRDA:33,3,0,2
BRDA:33,3,1,2
BRDA:34,4,0,0
BRDA:48,5,0,0
BRDA:50,6,0,0
BRDA:50,6,1,2
BRDA:50,7,0,2
BRDA:50,7,1,2
BRDA:51,8,0,0
BRDA:51,9,0,2
BRDA:51,9,1,2
BRDA:67,10,0,0
BRDA:83,11,0,0
BRDA:85,12,0,0
BRDA:85,12,1,1
BRDA:85,13,0,1
BRDA:85,13,1,1
BRDA:86,14,0,0
BRDA:100,15,0,0
BRDA:102,16,0,0
BRDA:102,16,1,3
BRDA:102,17,0,3
BRDA:102,17,1,3
BRDA:102,18,0,0
BRDA:102,18,1,3
BRDA:102,19,0,3
BRDA:102,19,1,3
BRDA:103,20,0,0
BRDA:117,21,0,0
BRDA:119,22,0,0
BRDA:119,22,1,1
BRDA:119,23,0,1
BRDA:119,23,1,1
BRDA:119,24,0,0
BRDA:119,24,1,1
BRDA:119,25,0,1
BRDA:119,25,1,1
BRDA:120,26,0,0
BRDA:120,26,1,1
BRDA:120,27,0,1
BRDA:120,27,1,1
BRDA:121,28,0,0
BRDA:121,29,0,1
BRDA:121,29,1,1
BRDA:135,30,0,0
BRDA:137,31,0,0
BRDA:137,31,1,1
BRDA:137,32,0,1
BRDA:137,32,1,1
BRDA:137,33,0,0
BRDA:137,33,1,1
BRDA:137,34,0,1
BRDA:137,34,1,1
BRDA:138,35,0,0
BRF:58
BRH:34
end_of_record
TN:
SF:src/controllers/webhook.controller.ts
FN:10,(anonymous_7)
FN:30,(anonymous_9)
FNF:2
FNH:0
FNDA:0,(anonymous_7)
FNDA:0,(anonymous_9)
DA:2,7
DA:4,7
DA:11,0
DA:13,0
DA:14,0
DA:15,0
DA:16,0
DA:21,0
DA:22,0
DA:24,0
DA:25,0
DA:26,0
DA:30,0
DA:32,0
DA:38,0
LF:15
LH:2
BRDA:13,0,0,0
BRF:1
BRH:0
end_of_record
TN:
SF:src/errors/ApiError.ts
FN:5,(anonymous_0)
FNF:1
FNH:1
FNDA:55,(anonymous_0)
DA:1,7
DA:6,55
DA:7,55
DA:8,55
DA:9,55
DA:10,21
DA:12,34
LF:7
LH:7
BRDA:5,0,0,34
BRDA:5,1,0,34
BRDA:9,2,0,21
BRDA:9,2,1,34
BRF:4
BRH:4
end_of_record
TN:
SF:src/services/auth.service.ts
FN:37,(anonymous_9)
FN:43,(anonymous_10)
FN:54,(anonymous_11)
FN:54,(anonymous_12)
FN:89,(anonymous_13)
FN:89,(anonymous_14)
FN:109,(anonymous_15)
FN:109,(anonymous_16)
FN:138,(anonymous_17)
FN:138,(anonymous_18)
FN:150,(anonymous_19)
FN:150,(anonymous_20)
FN:189,(anonymous_21)
FN:189,(anonymous_22)
FN:205,(anonymous_23)
FN:205,(anonymous_24)
FN:215,(anonymous_25)
FN:215,(anonymous_26)
FN:255,(anonymous_27)
FN:255,(anonymous_28)
FNF:20
FNH:20
FNDA:5,(anonymous_9)
FNDA:4,(anonymous_10)
FNDA:5,(anonymous_11)
FNDA:5,(anonymous_12)
FNDA:4,(anonymous_13)
FNDA:4,(anonymous_14)
FNDA:3,(anonymous_15)
FNDA:3,(anonymous_16)
FNDA:2,(anonymous_17)
FNDA:2,(anonymous_18)
FNDA:7,(anonymous_19)
FNDA:7,(anonymous_20)
FNDA:3,(anonymous_21)
FNDA:3,(anonymous_22)
FNDA:2,(anonymous_23)
FNDA:2,(anonymous_24)
FNDA:2,(anonymous_25)
FNDA:2,(anonymous_26)
FNDA:3,(anonymous_27)
FNDA:3,(anonymous_28)
DA:1,7
DA:2,7
DA:3,7
DA:4,7
DA:5,7
DA:6,7
DA:7,7
DA:8,7
DA:10,7
DA:11,7
DA:28,7
DA:32,7
DA:37,7
DA:38,5
DA:43,7
DA:44,4
DA:54,7
DA:55,5
DA:59,5
DA:60,1
DA:64,4
DA:66,4
DA:74,4
DA:75,4
DA:89,7
DA:90,4
DA:91,4
DA:92,4
DA:100,0
DA:101,0
DA:109,7
DA:110,3
DA:112,3
DA:115,2
DA:124,2
DA:125,1
DA:128,1
DA:131,1
DA:138,7
DA:139,2
DA:140,2
DA:144,0
DA:145,0
DA:150,7
DA:151,7
DA:155,7
DA:156,1
DA:159,6
DA:161,6
DA:162,2
DA:166,4
DA:167,4
DA:169,4
DA:170,4
DA:173,4
DA:175,4
DA:177,4
DA:189,7
DA:190,3
DA:191,3
DA:192,2
DA:196,1
DA:197,1
DA:199,1
DA:205,7
DA:207,2
DA:215,7
DA:216,2
DA:217,2
DA:218,1
DA:219,1
DA:223,1
DA:226,1
DA:232,1
DA:234,1
DA:235,1
DA:244,1
DA:247,0
DA:248,0
DA:255,7
DA:257,3
DA:263,3
DA:270,3
DA:271,2
DA:275,1
DA:277,1
LF:86
LH:80
BRDA:59,0,0,1
BRDA:124,1,0,1
BRDA:155,2,0,1
BRDA:161,3,0,2
BRDA:191,4,0,2
BRDA:217,5,0,1
BRDA:248,6,0,0
BRDA:248,6,1,0
BRDA:248,7,0,0
BRDA:248,7,1,0
BRDA:270,8,0,2
BRF:11
BRH:7
end_of_record
TN:
SF:src/services/category.service.ts
FN:20,(anonymous_7)
FN:56,(anonymous_9)
FN:71,(anonymous_11)
FN:93,(anonymous_13)
FN:118,(anonymous_15)
FNF:5
FNH:5
FNDA:1,(anonymous_7)
FNDA:3,(anonymous_9)
FNDA:3,(anonymous_11)
FNDA:2,(anonymous_13)
FNDA:2,(anonymous_15)
DA:1,7
DA:2,7
DA:4,7
DA:15,7
DA:21,1
DA:22,1
DA:24,1
DA:30,1
DA:39,1
DA:41,1
DA:57,3
DA:72,3
DA:73,3
DA:77,1
DA:79,1
DA:80,1
DA:84,0
DA:94,2
DA:96,2
DA:97,2
DA:98,0
DA:101,2
DA:106,1
DA:107,1
DA:109,0
DA:110,0
DA:119,2
DA:121,2
DA:122,2
DA:123,1
DA:131,1
DA:135,1
DA:136,0
DA:137,0
DA:140,1
DA:141,0
LF:36
LH:29
BRDA:77,0,0,1
BRDA:79,1,0,1
BRDA:97,2,0,0
BRDA:106,3,0,1
BRDA:106,4,0,1
BRDA:106,4,1,1
BRDA:109,5,0,0
BRDA:122,6,0,1
BRDA:135,7,0,0
BRDA:136,8,0,0
BRDA:136,9,0,0
BRDA:136,9,1,0
BRDA:140,10,0,1
BRF:13
BRH:7
end_of_record
TN:
SF:src/services/contact.service.ts
FN:18,(anonymous_8)
FNF:1
FNH:1
FNDA:1,(anonymous_8)
DA:1,7
DA:2,7
DA:3,7
DA:5,7
DA:13,7
DA:19,1
DA:20,1
DA:28,1
DA:32,0
DA:33,0
DA:36,0
LF:11
LH:8
BRF:0
BRH:0
end_of_record
TN:
SF:src/services/email.service.ts
FN:14,(anonymous_7)
FN:33,(anonymous_9)
FNF:2
FNH:0
FNDA:0,(anonymous_7)
FNDA:0,(anonymous_9)
DA:13,7
DA:15,0
DA:16,0
DA:17,0
DA:18,0
DA:19,0
DA:20,0
DA:21,0
DA:22,0
DA:24,0
DA:27,0
DA:35,0
DA:37,0
DA:51,0
LF:14
LH:1
BRDA:20,0,0,0
BRF:1
BRH:0
end_of_record
TN:
SF:src/services/order.service.ts
FN:22,(anonymous_8)
FN:39,(anonymous_9)
FN:51,(anonymous_11)
FN:51,(anonymous_12)
FN:60,(anonymous_13)
FN:66,(anonymous_14)
FN:66,(anonymous_15)
FN:70,(anonymous_16)
FN:71,(anonymous_17)
FN:72,(anonymous_18)
FN:145,(anonymous_19)
FN:171,(anonymous_21)
FN:185,(anonymous_23)
FNF:13
FNH:2
FNDA:0,(anonymous_8)
FNDA:0,(anonymous_9)
FNDA:0,(anonymous_11)
FNDA:0,(anonymous_12)
FNDA:0,(anonymous_13)
FNDA:0,(anonymous_14)
FNDA:0,(anonymous_15)
FNDA:0,(anonymous_16)
FNDA:0,(anonymous_17)
FNDA:0,(anonymous_18)
FNDA:0,(anonymous_19)
FNDA:1,(anonymous_21)
FNDA:3,(anonymous_23)
DA:1,7
DA:2,7
DA:3,7
DA:4,7
DA:6,7
DA:19,7
DA:24,0
DA:25,0
DA:26,0
DA:27,0
DA:29,0
DA:46,0
DA:48,0
DA:49,0
DA:51,0
DA:54,0
DA:55,0
DA:56,0
DA:60,0
DA:61,0
DA:65,0
DA:66,0
DA:67,0
DA:69,0
DA:70,0
DA:71,0
DA:72,0
DA:74,0
DA:77,0
DA:90,0
DA:103,0
DA:109,0
DA:116,0
DA:120,0
DA:122,0
DA:125,0
DA:126,0
DA:130,0
DA:131,0
DA:132,0
DA:133,0
DA:134,0
DA:135,0
DA:138,0
DA:146,0
DA:148,0
DA:157,0
DA:160,0
DA:161,0
DA:172,1
DA:186,3
DA:194,3
DA:195,2
DA:198,1
LF:54
LH:11
BRDA:25,0,0,0
BRDA:46,1,0,0
BRDA:46,1,1,0
BRDA:55,2,0,0
BRDA:55,3,0,0
BRDA:55,3,1,0
BRDA:65,4,0,0
BRDA:120,5,0,0
BRDA:125,6,0,0
BRDA:125,7,0,0
BRDA:125,7,1,0
BRDA:125,8,0,0
BRDA:125,8,1,0
BRDA:125,9,0,0
BRDA:125,9,1,0
BRDA:125,10,0,0
BRDA:125,10,1,0
BRDA:125,11,0,0
BRDA:125,11,1,0
BRDA:130,12,0,0
BRDA:130,12,1,0
BRDA:130,13,0,0
BRDA:130,13,1,0
BRDA:130,14,0,0
BRDA:130,14,1,0
BRDA:130,15,0,0
BRDA:130,15,1,0
BRDA:132,16,0,0
BRDA:132,16,1,0
BRDA:132,17,0,0
BRDA:132,17,1,0
BRDA:132,18,0,0
BRDA:132,18,1,0
BRDA:134,19,0,0
BRDA:194,20,0,2
BRDA:194,21,0,3
BRDA:194,21,1,2
BRF:37
BRH:3
end_of_record
TN:
SF:src/services/product.service.ts
FN:7,ensureCategoryExists
FN:33,(anonymous_9)
FN:97,(anonymous_11)
FN:118,(anonymous_13)
FN:156,(anonymous_15)
FN:205,(anonymous_17)
FNF:6
FNH:6
FNDA:1,ensureCategoryExists
FNDA:1,(anonymous_9)
FNDA:3,(anonymous_11)
FNDA:1,(anonymous_13)
FNDA:1,(anonymous_15)
FNDA:1,(anonymous_17)
DA:1,7
DA:2,7
DA:4,7
DA:8,1
DA:9,1
DA:10,0
DA:28,7
DA:34,1
DA:35,1
DA:37,1
DA:39,1
DA:40,0
DA:42,1
DA:43,0
DA:44,0
DA:46,0
DA:48,1
DA:49,0
DA:50,0
DA:52,0
DA:54,1
DA:56,0
DA:61,1
DA:62,1
DA:64,1
DA:65,1
DA:68,1
DA:80,1
DA:82,1
DA:98,3
DA:122,1
DA:124,1
DA:126,1
DA:134,1
DA:136,1
DA:141,0
DA:142,0
DA:143,0
DA:146,0
DA:147,0
DA:157,1
DA:159,1
DA:160,1
DA:161,0
DA:165,1
DA:166,0
DA:170,1
DA:175,1
DA:176,1
DA:180,1
DA:181,0
DA:184,0
DA:187,1
DA:193,0
DA:194,0
DA:196,0
DA:197,0
DA:206,1
DA:208,1
DA:209,1
DA:210,0
DA:215,1
DA:219,0
DA:220,0
DA:221,0
DA:224,0
DA:225,0
LF:67
LH:39
BRDA:9,0,0,0
BRDA:39,1,0,0
BRDA:42,2,0,0
BRDA:43,3,0,0
BRDA:48,4,0,0
BRDA:49,5,0,0
BRDA:54,6,0,0
BRDA:61,7,0,1
BRDA:64,8,0,1
BRDA:141,9,0,0
BRDA:142,10,0,0
BRDA:146,11,0,0
BRDA:160,12,0,0
BRDA:165,13,0,0
BRDA:175,14,0,1
BRDA:180,15,0,0
BRDA:193,16,0,0
BRDA:193,17,0,0
BRDA:193,17,1,0
BRDA:196,18,0,0
BRDA:209,19,0,0
BRDA:219,20,0,0
BRDA:220,21,0,0
BRDA:220,22,0,0
BRDA:220,22,1,0
BRDA:224,23,0,0
BRF:26
BRH:3
end_of_record
TN:
SF:src/services/user.service.ts
FN:12,(anonymous_8)
FN:36,(anonymous_10)
FN:61,(anonymous_12)
FN:85,(anonymous_14)
FN:95,(anonymous_16)
FN:115,(anonymous_18)
FN:129,(anonymous_20)
FN:150,(anonymous_22)
FNF:8
FNH:8
FNDA:1,(anonymous_8)
FNDA:2,(anonymous_10)
FNDA:2,(anonymous_12)
FNDA:1,(anonymous_14)
FNDA:1,(anonymous_16)
FNDA:5,(anonymous_18)
FNDA:1,(anonymous_20)
FNDA:1,(anonymous_22)
DA:1,7
DA:2,7
DA:3,7
DA:5,7
DA:7,7
DA:13,1
DA:27,1
DA:28,0
DA:30,1
DA:37,2
DA:39,2
DA:40,2
DA:45,2
DA:51,0
DA:52,0
DA:54,0
DA:62,2
DA:63,2
DA:64,0
DA:67,2
DA:68,2
DA:69,1
DA:72,1
DA:73,1
DA:86,1
DA:97,1
DA:98,0
DA:104,1
DA:116,5
DA:120,5
DA:121,2
DA:123,3
DA:131,1
DA:134,1
DA:135,0
DA:141,1
DA:152,1
DA:159,1
LF:38
LH:31
BRDA:27,0,0,0
BRDA:40,1,0,1
BRDA:51,2,0,0
BRDA:51,3,0,0
BRDA:51,3,1,0
BRDA:63,4,0,0
BRDA:68,5,0,1
BRDA:97,6,0,0
BRDA:120,7,0,2
BRDA:120,8,0,5
BRDA:120,8,1,3
BRDA:134,9,0,0
BRF:12
BRH:5
end_of_record
TN:
SF:src/services/webhook.service.ts
FN:27,(anonymous_8)
FN:50,(anonymous_9)
FNF:2
FNH:0
FNDA:0,(anonymous_8)
FNDA:0,(anonymous_9)
DA:1,7
DA:2,7
DA:3,7
DA:4,7
DA:5,7
DA:8,7
DA:9,7
DA:10,7
DA:15,0
DA:18,7
DA:28,0
DA:29,0
DA:30,0
DA:33,0
DA:34,0
DA:39,0
DA:41,0
DA:42,0
DA:43,0
DA:51,0
DA:54,0
DA:55,0
DA:56,0
DA:58,0
DA:59,0
DA:60,0
DA:63,0
DA:65,0
DA:67,0
DA:69,0
DA:71,0
DA:73,0
DA:75,0
DA:77,0
DA:80,0
DA:82,0
DA:83,0
DA:84,0
DA:87,0
DA:90,0
LF:40
LH:9
BRDA:9,0,0,7
BRDA:9,0,1,0
BRDA:28,1,0,0
BRDA:28,2,0,0
BRDA:28,2,1,0
BRDA:54,3,0,0
BRDA:54,3,1,0
BRDA:56,4,0,0
BRDA:56,4,1,0
BRDA:56,5,0,0
BRDA:56,5,1,0
BRDA:58,6,0,0
BRDA:63,7,0,0
BRDA:63,7,1,0
BRDA:63,7,2,0
BRDA:63,7,3,0
BRDA:63,7,4,0
BRDA:71,8,0,0
BRDA:71,8,1,0
BRDA:71,9,0,0
BRDA:71,9,1,0
BRF:21
BRH:1
end_of_record
TN:
SF:src/validations/auth.validation.ts
FNF:0
FNH:0
DA:1,7
DA:4,7
DA:13,7
DA:21,7
DA:28,7
DA:35,7
LF:6
LH:6
BRF:0
BRH:0
end_of_record
TN:
SF:src/validations/category.validation.ts
FNF:0
FNH:0
DA:1,7
DA:3,7
DA:14,7
DA:26,7
DA:32,7
LF:5
LH:5
BRF:0
BRH:0
end_of_record
TN:
SF:src/validations/contact.validation.ts
FNF:0
FNH:0
DA:1,7
DA:3,7
LF:2
LH:2
BRF:0
BRH:0
end_of_record
TN:
SF:src/validations/order.validation.ts
FNF:0
FNH:0
DA:1,7
DA:4,7
DA:10,7
DA:21,7
LF:4
LH:4
BRF:0
BRH:0
end_of_record
TN:
SF:src/validations/product.validation.ts
FN:59,(anonymous_0)
FN:60,(anonymous_1)
FNF:2
FNH:2
FNDA:1,(anonymous_0)
FNDA:1,(anonymous_1)
DA:1,7
DA:5,7
DA:10,7
DA:25,7
DA:43,7
DA:49,7
DA:59,1
DA:60,1
LF:8
LH:8
BRF:0
BRH:0
end_of_record
TN:
SF:src/validations/user.validation.ts
FN:9,(anonymous_0)
FN:46,(anonymous_1)
FNF:2
FNH:2
FNDA:4,(anonymous_0)
FNDA:1,(anonymous_1)
DA:1,7
DA:4,7
DA:9,4
DA:15,7
DA:23,7
DA:37,7
DA:42,7
DA:46,1
DA:52,7
LF:9
LH:9
BRF:0
BRH:0
end_of_record
